âš ï¸ WARNING: GS343 Foundation not loaded - Limited functionality
ğŸ”§ ECHO_XV4 GS343 Autohealer Server - GS343 Foundation
ğŸ”§ Commander Bobby Don McWilliams II - Authority Level 11.0
============================================================
ğŸ”§ 2025-10-04 00:24:48,967 - Autohealer[GS343AutohealerServer] - INFO - ğŸ”§ GS343 Autohealer Server initialized on port 8007
ğŸ”§ 2025-10-04 00:24:48,967 - Autohealer[GS343AutohealerServer] - INFO - ğŸ”§ GS343 Autohealer Server running with GS343 Foundation
ğŸ”§ 2025-10-04 00:24:48,967 - Autohealer[GS343AutohealerServer] - INFO - ğŸ”§ Phoenix Auto-Heal: Inactive
ğŸ”§ 2025-10-04 00:24:48,967 - Autohealer[GS343AutohealerServer] - INFO - ğŸ”§ Authority Level: 9.5
ğŸ”§ 2025-10-04 00:24:48,967 - Autohealer[GS343AutohealerServer] - INFO - ğŸ”§ Listening on port: 8007
ğŸ”§ 2025-10-04 00:24:48,968 - Autohealer[GS343AutohealerServer] - INFO - ğŸ”§ Healing protocols: 6 active
ğŸ”§ 2025-10-04 00:46:52,181 - Autohealer[GS343AutohealerServer] - INFO - ğŸ”§ GS343 Autohealer Server shutdown complete
Traceback (most recent call last):
  File "C:\Program Files\WindowsApps\PythonSoftwareFoundation.Python.3.11_3.11.2544.0_x64__qbz5n2kfra8p0\Lib\asyncio\runners.py", line 118, in run
    return self._loop.run_until_complete(task)
           ^^^^^^^^^^^^^^^^^^^^^^^^^^^^^^^^^^^
  File "C:\Program Files\WindowsApps\PythonSoftwareFoundation.Python.3.11_3.11.2544.0_x64__qbz5n2kfra8p0\Lib\asyncio\base_events.py", line 654, in run_until_complete
    return future.result()
           ^^^^^^^^^^^^^^^
  File "E:\ECHO_XV4\MLS\servers\gs343_autohealer_server_enhanced.py", line 175, in main
    await server.run_server()
  File "E:\ECHO_XV4\MLS\servers\gs343_autohealer_server_enhanced.py", line 150, in run_server
    await asyncio.sleep(60)
  File "C:\Program Files\WindowsApps\PythonSoftwareFoundation.Python.3.11_3.11.2544.0_x64__qbz5n2kfra8p0\Lib\asyncio\tasks.py", line 649, in sleep
    return await future
           ^^^^^^^^^^^^
asyncio.exceptions.CancelledError

During handling of the above exception, another exception occurred:

Traceback (most recent call last):
  File "E:\ECHO_XV4\MLS\servers\gs343_autohealer_server_enhanced.py", line 182, in <module>
    asyncio.run(main())
  File "C:\Program Files\WindowsApps\PythonSoftwareFoundation.Python.3.11_3.11.2544.0_x64__qbz5n2kfra8p0\Lib\asyncio\runners.py", line 190, in run
    return runner.run(main)
           ^^^^^^^^^^^^^^^^
  File "C:\Program Files\WindowsApps\PythonSoftwareFoundation.Python.3.11_3.11.2544.0_x64__qbz5n2kfra8p0\Lib\asyncio\runners.py", line 123, in run
    raise KeyboardInterrupt()
KeyboardInterrupt
